MIF/HEX Update report for RV32I_System
Fri Dec 09 16:32:50 2022
Quartus II 32-bit Version 13.1.0 Build 162 10/23/2013 SJ Web Edition


---------------------
; Table of Contents ;
---------------------
  1. Legal Notice
  2. MIF/HEX Update Summary
  3. MIF/HEX Update Processed Files
  4. MIF/HEX Update Messages



----------------
; Legal Notice ;
----------------
Copyright (C) 1991-2013 Altera Corporation
Your use of Altera Corporation's design tools, logic functions 
and other software and tools, and its AMPP partner logic 
functions, and any output files from any of the foregoing 
(including device programming or simulation files), and any 
associated documentation or information are expressly subject 
to the terms and conditions of the Altera Program License 
Subscription Agreement, Altera MegaCore Function License 
Agreement, or other applicable license agreement, including, 
without limitation, that your use is for the sole purpose of 
programming logic devices manufactured by Altera and sold by 
Altera or its authorized distributors.  Please refer to the 
applicable agreement for further details.



+---------------------------------------------------------------+
; MIF/HEX Update Summary                                        ;
+-----------------------+---------------------------------------+
; MIF/HEX Update Status ; Successful - Fri Dec 09 16:32:50 2022 ;
; Revision Name         ; RV32I_System                          ;
; Top-level Entity Name ; RV32I_System                          ;
; Family                ; Cyclone III                           ;
; Device                ; EP3C16F484C6                          ;
+-----------------------+---------------------------------------+


+--------------------------------------------------------------------------+
; MIF/HEX Update Processed Files                                           ;
+--------------------------------------------------------------------------+
; File Name                                                                ;
+--------------------------------------------------------------------------+
; C:/Computer Architecture/RV32I_HW_System/RV32I_System_Syn/insts_data.mif ;
+--------------------------------------------------------------------------+


+-------------------------+
; MIF/HEX Update Messages ;
+-------------------------+
Info: *******************************************************************
Info: Running Quartus II 32-bit MIF/HEX Update
    Info: Version 13.1.0 Build 162 10/23/2013 SJ Web Edition
    Info: Copyright (C) 1991-2013 Altera Corporation. All rights reserved.
    Info: Your use of Altera Corporation's design tools, logic functions 
    Info: and other software and tools, and its AMPP partner logic 
    Info: functions, and any output files from any of the foregoing 
    Info: (including device programming or simulation files), and any 
    Info: associated documentation or information are expressly subject 
    Info: to the terms and conditions of the Altera Program License 
    Info: Subscription Agreement, Altera MegaCore Function License 
    Info: Agreement, or other applicable license agreement, including, 
    Info: without limitation, that your use is for the sole purpose of 
    Info: programming logic devices manufactured by Altera and sold by 
    Info: Altera or its authorized distributors.  Please refer to the 
    Info: applicable agreement for further details.
    Info: Processing started: Fri Dec 09 16:32:49 2022
Info: Command: quartus_cdb --update_mif RV32I_System.qpf
Critical Warning (127005): Memory depth (2048) in the design file differs from memory depth (320) in the Memory Initialization File "C:/Computer Architecture/RV32I_HW_System/RV32I_System_Syn/insts_data.mif" -- setting initial value for remaining addresses to 0
Info (39024): Processed the following Memory Initialization File(s)
    Info (39025): Processed Memory Initialization File C:/Computer Architecture/RV32I_HW_System/RV32I_System_Syn/insts_data.mif
Info: Quartus II 32-bit MIF/HEX Update was successful. 0 errors, 1 warning
    Info: Peak virtual memory: 390 megabytes
    Info: Processing ended: Fri Dec 09 16:32:50 2022
    Info: Elapsed time: 00:00:01
    Info: Total CPU time (on all processors): 00:00:01


